Using pre-set license
Built from '2021.2/staging' branch; Version is '2021.2.3f1 (32358a8527b4) revision 3290506'; Using compiler version '192829333'; Build Type 'Release'
OS: 'Windows 10 Home; OS build 22000.795; Version 2009; 64bit' Language: 'pl' Physical Memory: 16309 MB
BatchMode: 1, IsHumanControllingUs: 0, StartBugReporterOnCrash: 0, Is64bit: 1, IsPro: 0

COMMAND LINE ARGUMENTS:
C:\Program Files\Unity 2021.2.3f1\Editor\Unity.exe
-adb2
-batchMode
-noUpm
-name
AssetImportWorker1
-projectPath
F:/Unity Projekty/Evil-Jump-android/Evil-Jump-android/Evil Jump
-logFile
Logs/AssetImportWorker1.log
-srvPort
62908
Successfully changed project path to: F:/Unity Projekty/Evil-Jump-android/Evil-Jump-android/Evil Jump
F:/Unity Projekty/Evil-Jump-android/Evil-Jump-android/Evil Jump
[UnityMemory] Configuration Parameters - Can be set up in boot.config
    "memorysetup-bucket-allocator-granularity=16"
    "memorysetup-bucket-allocator-bucket-count=8"
    "memorysetup-bucket-allocator-block-size=33554432"
    "memorysetup-bucket-allocator-block-count=8"
    "memorysetup-main-allocator-block-size=16777216"
    "memorysetup-thread-allocator-block-size=16777216"
    "memorysetup-gfx-main-allocator-block-size=16777216"
    "memorysetup-gfx-thread-allocator-block-size=16777216"
    "memorysetup-cache-allocator-block-size=4194304"
    "memorysetup-typetree-allocator-block-size=2097152"
    "memorysetup-profiler-bucket-allocator-granularity=16"
    "memorysetup-profiler-bucket-allocator-bucket-count=8"
    "memorysetup-profiler-bucket-allocator-block-size=33554432"
    "memorysetup-profiler-bucket-allocator-block-count=8"
    "memorysetup-profiler-allocator-block-size=16777216"
    "memorysetup-profiler-editor-allocator-block-size=1048576"
    "memorysetup-temp-allocator-size-main=16777216"
    "memorysetup-job-temp-allocator-block-size=2097152"
    "memorysetup-job-temp-allocator-block-size-background=1048576"
    "memorysetup-job-temp-allocator-reduction-small-platforms=262144"
    "memorysetup-temp-allocator-size-background-worker=32768"
    "memorysetup-temp-allocator-size-job-worker=262144"
    "memorysetup-temp-allocator-size-preload-manager=33554432"
    "memorysetup-temp-allocator-size-nav-mesh-worker=65536"
    "memorysetup-temp-allocator-size-audio-worker=65536"
    "memorysetup-temp-allocator-size-cloud-worker=32768"
    "memorysetup-temp-allocator-size-gi-baking-worker=262144"
    "memorysetup-temp-allocator-size-gfx=262144"
Refreshing native plugins compatible for Editor in 29.25 ms, found 4 plugins.
Preloading 0 native plugins for Editor in 0.00 ms.
Initialize engine version: 2021.2.3f1 (32358a8527b4)
[Subsystems] Discovering subsystems at path C:/Program Files/Unity 2021.2.3f1/Editor/Data/Resources/UnitySubsystems
[Subsystems] Discovering subsystems at path F:/Unity Projekty/Evil-Jump-android/Evil-Jump-android/Evil Jump/Assets
GfxDevice: creating device client; threaded=0; jobified=0
Direct3D:
    Version:  Direct3D 11.0 [level 11.1]
    Renderer: Radeon RX 560 Series (ID=0x67ef)
    Vendor:   ATI
    VRAM:     4074 MB
    Driver:   30.0.15021.1001
Initialize mono
Mono path[0] = 'C:/Program Files/Unity 2021.2.3f1/Editor/Data/Managed'
Mono path[1] = 'C:/Program Files/Unity 2021.2.3f1/Editor/Data/MonoBleedingEdge/lib/mono/unityjit-win32'
Mono config path = 'C:/Program Files/Unity 2021.2.3f1/Editor/Data/MonoBleedingEdge/etc'
Using monoOptions --debugger-agent=transport=dt_socket,embedding=1,server=y,suspend=n,address=127.0.0.1:56760
Begin MonoManager ReloadAssembly
Registering precompiled unity dll's ...
Register platform support module: C:/Program Files/Unity 2021.2.3f1/Editor/Data/PlaybackEngines/WindowsStandaloneSupport/UnityEditor.WindowsStandalone.Extensions.dll
Registered in 0.002704 seconds.
Native extension for WindowsStandalone target not found
Refreshing native plugins compatible for Editor in 26.78 ms, found 4 plugins.
Preloading 0 native plugins for Editor in 0.00 ms.
Mono: successfully reloaded assembly
- Completed reload, in  0.471 seconds
Domain Reload Profiling:
	ReloadAssembly (471ms)
		BeginReloadAssembly (58ms)
			ExecutionOrderSort (0ms)
			DisableScriptedObjects (0ms)
			BackupInstance (0ms)
			ReleaseScriptingObjects (0ms)
			CreateAndSetChildDomain (1ms)
		EndReloadAssembly (348ms)
			LoadAssemblies (56ms)
			RebuildTransferFunctionScriptingTraits (0ms)
			SetupTypeCache (86ms)
			ReleaseScriptCaches (0ms)
			RebuildScriptCaches (25ms)
			SetupLoadedEditorAssemblies (194ms)
				LogAssemblyErrors (0ms)
				InitializePlatformSupportModulesInManaged (12ms)
				SetLoadedEditorAssemblies (0ms)
				RefreshPlugins (27ms)
				BeforeProcessingInitializeOnLoad (1ms)
				ProcessInitializeOnLoadAttributes (117ms)
				ProcessInitializeOnLoadMethodAttributes (37ms)
				AfterProcessingInitializeOnLoad (0ms)
				EditorAssembliesLoaded (0ms)
			ExecutionOrderSort2 (0ms)
			AwakeInstancesAfterBackupRestoration (0ms)
Platform modules already initialized, skipping
Registering precompiled user dll's ...
Registered in 0.003490 seconds.
Begin MonoManager ReloadAssembly
Native extension for WindowsStandalone target not found
Refreshing native plugins compatible for Editor in 0.47 ms, found 4 plugins.
Preloading 0 native plugins for Editor in 0.00 ms.
Mono: successfully reloaded assembly
- Completed reload, in  0.805 seconds
Domain Reload Profiling:
	ReloadAssembly (806ms)
		BeginReloadAssembly (143ms)
			ExecutionOrderSort (0ms)
			DisableScriptedObjects (5ms)
			BackupInstance (0ms)
			ReleaseScriptingObjects (0ms)
			CreateAndSetChildDomain (19ms)
		EndReloadAssembly (584ms)
			LoadAssemblies (55ms)
			RebuildTransferFunctionScriptingTraits (0ms)
			SetupTypeCache (150ms)
			ReleaseScriptCaches (0ms)
			RebuildScriptCaches (44ms)
			SetupLoadedEditorAssemblies (252ms)
				LogAssemblyErrors (0ms)
				InitializePlatformSupportModulesInManaged (9ms)
				SetLoadedEditorAssemblies (0ms)
				RefreshPlugins (1ms)
				BeforeProcessingInitializeOnLoad (43ms)
				ProcessInitializeOnLoadAttributes (174ms)
				ProcessInitializeOnLoadMethodAttributes (19ms)
				AfterProcessingInitializeOnLoad (6ms)
				EditorAssembliesLoaded (0ms)
			ExecutionOrderSort2 (0ms)
			AwakeInstancesAfterBackupRestoration (5ms)
Platform modules already initialized, skipping
========================================================================
Worker process is ready to serve import requests
Launched and connected shader compiler UnityShaderCompiler.exe after 0.04 seconds
Refreshing native plugins compatible for Editor in 0.47 ms, found 4 plugins.
Preloading 0 native plugins for Editor in 0.00 ms.
Unloading 1783 Unused Serialized files (Serialized files now loaded: 0)
Unloading 23 unused Assets / (30.3 KB). Loaded Objects now: 2268.
Memory consumption went from 99.8 MB to 99.8 MB.
Total: 2.822600 ms (FindLiveObjects: 0.228300 ms CreateObjectMapping: 0.154100 ms MarkObjects: 2.408900 ms  DeleteObjects: 0.030600 ms)

AssetImportParameters requested are different than current active one (requested -> active):
  custom:video-decoder-ogg-theora: a1e56fd34408186e4bbccfd4996cb3dc -> 
  custom:container-muxer-webm: aa71ff27fc2769a1b78a27578f13a17b -> 
  custom:container-demuxer-webm: 4f35f7cbe854078d1ac9338744f61a02 -> 
  custom:video-encoder-webm-vp8: eb34c28f22e8b96e1ab97ce403110664 -> 
  custom:audio-encoder-webm-vorbis: bf7c407c2cedff20999df2af8eb42d56 -> 
  custom:framework-win-MediaFoundation: 216162199b28c13a410421893ffa2e32 -> 
  custom:container-demuxer-ogg: 62fdf1f143b41e24485cea50d1cbac27 -> 
  custom:video-decoder-webm-vp8: 9c59270c3fd7afecdb556c50c9e8de78 -> 
  custom:audio-decoder-ogg-vorbis: bf7c407c2cedff20999df2af8eb42d56 -> 
========================================================================
Received Import Request.
  Time since last request: 1116618.983656 seconds.
  path: Assets/Prefabs
  artifactKey: Guid(2408461baf495e046a5ad7f6450df2c8) Importer(815301076,1909f56bfc062723c751e8b465ee728b)
Start importing Assets/Prefabs using Guid(2408461baf495e046a5ad7f6450df2c8) Importer(815301076,1909f56bfc062723c751e8b465ee728b)  -> (artifact id: 'c581c9430acf891ac016b54a4928699a') in 0.007700 seconds 
========================================================================
Received Import Request.
  Time since last request: 0.000025 seconds.
  path: Assets/Prefabs/Bullet.prefab
  artifactKey: Guid(0c2d1d09dc8369a49bd5811f0114948a) Importer(815301076,1909f56bfc062723c751e8b465ee728b)
Start importing Assets/Prefabs/Bullet.prefab using Guid(0c2d1d09dc8369a49bd5811f0114948a) Importer(815301076,1909f56bfc062723c751e8b465ee728b)  -> (artifact id: 'ccf15ce5c7033846299e3d7a07ae934b') in 0.114581 seconds 
========================================================================
Received Import Request.
  Time since last request: 2.430188 seconds.
  path: Assets/Prefabs/Collectables/Coin_Gray.prefab
  artifactKey: Guid(2bbc9b363b78906478079fc75519f0aa) Importer(815301076,1909f56bfc062723c751e8b465ee728b)
Start importing Assets/Prefabs/Collectables/Coin_Gray.prefab using Guid(2bbc9b363b78906478079fc75519f0aa) Importer(815301076,1909f56bfc062723c751e8b465ee728b)  -> (artifact id: '9820a0f066ad4a7a9d7e1aca28b4fa96') in 0.023658 seconds 
========================================================================
Received Import Request.
  Time since last request: 0.000017 seconds.
  path: Assets/Prefabs/Collectables/Replacer.prefab
  artifactKey: Guid(8cd9359660e38a8458e5d32d449d1fbc) Importer(815301076,1909f56bfc062723c751e8b465ee728b)
Start importing Assets/Prefabs/Collectables/Replacer.prefab using Guid(8cd9359660e38a8458e5d32d449d1fbc) Importer(815301076,1909f56bfc062723c751e8b465ee728b)  -> (artifact id: '94ea1d04b11b24b7487fb084ba077c5e') in 0.013050 seconds 
========================================================================
Received Import Request.
  Time since last request: 0.000019 seconds.
  path: Assets/Prefabs/Collectables/Magic.prefab
  artifactKey: Guid(931ca640aba815343a4d650e915b9ef3) Importer(815301076,1909f56bfc062723c751e8b465ee728b)
Start importing Assets/Prefabs/Collectables/Magic.prefab using Guid(931ca640aba815343a4d650e915b9ef3) Importer(815301076,1909f56bfc062723c751e8b465ee728b)  -> (artifact id: '90c45bf7c69b9d6f5fd16f6fcece3d2b') in 0.007658 seconds 
========================================================================
Received Import Request.
  Time since last request: 0.000023 seconds.
  path: Assets/Prefabs/Collectables/MegaAirJump.prefab
  artifactKey: Guid(7b221e9de8df7dd4280c39a2525f8504) Importer(815301076,1909f56bfc062723c751e8b465ee728b)
Start importing Assets/Prefabs/Collectables/MegaAirJump.prefab using Guid(7b221e9de8df7dd4280c39a2525f8504) Importer(815301076,1909f56bfc062723c751e8b465ee728b)  -> (artifact id: '4a3aeb4b7f6ffaefa8c31da9bd38685e') in 0.014302 seconds 
========================================================================
Received Import Request.
  Time since last request: 64.789939 seconds.
  path: Assets/ScriptableObjects/Shop Items/Get Freezer.asset
  artifactKey: Guid(8331b8d7848136940a8d9bfa55df22f2) Importer(815301076,1909f56bfc062723c751e8b465ee728b)
Start importing Assets/ScriptableObjects/Shop Items/Get Freezer.asset using Guid(8331b8d7848136940a8d9bfa55df22f2) Importer(815301076,1909f56bfc062723c751e8b465ee728b)  -> (artifact id: '851de655b2f3ed7d1c1a3408f7e5fb10') in 0.007483 seconds 
========================================================================
Received Import Request.
  Time since last request: 0.002064 seconds.
  path: Assets/ScriptableObjects/Shop Items/Get Magnet.asset
  artifactKey: Guid(1423d331e3efe1c43a19f841ed32b3d9) Importer(815301076,1909f56bfc062723c751e8b465ee728b)
Start importing Assets/ScriptableObjects/Shop Items/Get Magnet.asset using Guid(1423d331e3efe1c43a19f841ed32b3d9) Importer(815301076,1909f56bfc062723c751e8b465ee728b)  -> (artifact id: '0b4568476d2b4dd57756555832b0826c') in 0.005533 seconds 
========================================================================
Received Import Request.
  Time since last request: 0.000018 seconds.
  path: Assets/ScriptableObjects/Shop Items/Get Wall Run.asset
  artifactKey: Guid(bbac9dbc34b93354aa0dd142e565e927) Importer(815301076,1909f56bfc062723c751e8b465ee728b)
Start importing Assets/ScriptableObjects/Shop Items/Get Wall Run.asset using Guid(bbac9dbc34b93354aa0dd142e565e927) Importer(815301076,1909f56bfc062723c751e8b465ee728b)  -> (artifact id: '703016482ff1477898d66012527b44aa') in 0.006201 seconds 
========================================================================
Received Import Request.
  Time since last request: 0.000015 seconds.
  path: Assets/ScriptableObjects/Shop Items/Upgrade Replacer.asset
  artifactKey: Guid(e94013e2ebab650459657e567257d681) Importer(815301076,1909f56bfc062723c751e8b465ee728b)
Start importing Assets/ScriptableObjects/Shop Items/Upgrade Replacer.asset using Guid(e94013e2ebab650459657e567257d681) Importer(815301076,1909f56bfc062723c751e8b465ee728b)  -> (artifact id: '0ca7930410edba65cd52442a4fa517d5') in 0.005299 seconds 
========================================================================
Received Import Request.
  Time since last request: 0.000018 seconds.
  path: Assets/ScriptableObjects/Shop Items/Get Mega Jump.asset
  artifactKey: Guid(b8341633a4d2ff74bb8b9232e7e72464) Importer(815301076,1909f56bfc062723c751e8b465ee728b)
Start importing Assets/ScriptableObjects/Shop Items/Get Mega Jump.asset using Guid(b8341633a4d2ff74bb8b9232e7e72464) Importer(815301076,1909f56bfc062723c751e8b465ee728b)  -> (artifact id: '7f419dfc733bd531b87b09c889f91284') in 0.006373 seconds 
========================================================================
Received Import Request.
  Time since last request: 3.335458 seconds.
  path: Assets/ScriptableObjects/Collectables/Coin.asset
  artifactKey: Guid(2a0a3e41c7852c845aea220ce6141e18) Importer(815301076,1909f56bfc062723c751e8b465ee728b)
Start importing Assets/ScriptableObjects/Collectables/Coin.asset using Guid(2a0a3e41c7852c845aea220ce6141e18) Importer(815301076,1909f56bfc062723c751e8b465ee728b)  -> (artifact id: '900dc9c5c3be80998099e0cb5cf9925f') in 0.005664 seconds 
========================================================================
Received Import Request.
  Time since last request: 0.000024 seconds.
  path: Assets/ScriptableObjects/Collectables/GrayCoin.asset
  artifactKey: Guid(26d327a34dacfdd43a9cf5f78bca5d73) Importer(815301076,1909f56bfc062723c751e8b465ee728b)
Start importing Assets/ScriptableObjects/Collectables/GrayCoin.asset using Guid(26d327a34dacfdd43a9cf5f78bca5d73) Importer(815301076,1909f56bfc062723c751e8b465ee728b)  -> (artifact id: '111420a56e2532e9b9260589283bf1ba') in 0.004901 seconds 
========================================================================
Received Import Request.
  Time since last request: 0.000023 seconds.
  path: Assets/ScriptableObjects/Collectables/Mega Air Jump.asset
  artifactKey: Guid(d088ae0e8d28bb44aad2ae864505c530) Importer(815301076,1909f56bfc062723c751e8b465ee728b)
Start importing Assets/ScriptableObjects/Collectables/Mega Air Jump.asset using Guid(d088ae0e8d28bb44aad2ae864505c530) Importer(815301076,1909f56bfc062723c751e8b465ee728b)  -> (artifact id: '29ca590519af61c13c314693c783947f') in 0.004383 seconds 
========================================================================
Received Import Request.
  Time since last request: 0.000015 seconds.
  path: Assets/ScriptableObjects/Collectables/Magnet.asset
  artifactKey: Guid(54058843049f5534b9e7b8aef6758e89) Importer(815301076,1909f56bfc062723c751e8b465ee728b)
Start importing Assets/ScriptableObjects/Collectables/Magnet.asset using Guid(54058843049f5534b9e7b8aef6758e89) Importer(815301076,1909f56bfc062723c751e8b465ee728b)  -> (artifact id: 'a048e7bd34b21add23d5f60183b21acf') in 0.002077 seconds 
Editor requested this worker to shutdown with reason: Scaling down because of idle timeout
AssetImportWorker is now disconnected from the server
Process exiting
Exiting without the bug reporter. Application will terminate with return code 0