Using pre-set license
Built from '2021.2/staging' branch; Version is '2021.2.3f1 (32358a8527b4) revision 3290506'; Using compiler version '192829333'; Build Type 'Release'
OS: 'Windows 10 Home; OS build 22000.795; Version 2009; 64bit' Language: 'pl' Physical Memory: 16309 MB
BatchMode: 1, IsHumanControllingUs: 0, StartBugReporterOnCrash: 0, Is64bit: 1, IsPro: 0

COMMAND LINE ARGUMENTS:
C:\Program Files\Unity 2021.2.3f1\Editor\Unity.exe
-adb2
-batchMode
-noUpm
-name
AssetImportWorker4
-projectPath
F:/Unity Projekty/Evil-Jump-android/Evil-Jump-android/Evil Jump
-logFile
Logs/AssetImportWorker4.log
-srvPort
54967
Successfully changed project path to: F:/Unity Projekty/Evil-Jump-android/Evil-Jump-android/Evil Jump
F:/Unity Projekty/Evil-Jump-android/Evil-Jump-android/Evil Jump
[UnityMemory] Configuration Parameters - Can be set up in boot.config
    "memorysetup-bucket-allocator-granularity=16"
    "memorysetup-bucket-allocator-bucket-count=8"
    "memorysetup-bucket-allocator-block-size=33554432"
    "memorysetup-bucket-allocator-block-count=8"
    "memorysetup-main-allocator-block-size=16777216"
    "memorysetup-thread-allocator-block-size=16777216"
    "memorysetup-gfx-main-allocator-block-size=16777216"
    "memorysetup-gfx-thread-allocator-block-size=16777216"
    "memorysetup-cache-allocator-block-size=4194304"
    "memorysetup-typetree-allocator-block-size=2097152"
    "memorysetup-profiler-bucket-allocator-granularity=16"
    "memorysetup-profiler-bucket-allocator-bucket-count=8"
    "memorysetup-profiler-bucket-allocator-block-size=33554432"
    "memorysetup-profiler-bucket-allocator-block-count=8"
    "memorysetup-profiler-allocator-block-size=16777216"
    "memorysetup-profiler-editor-allocator-block-size=1048576"
    "memorysetup-temp-allocator-size-main=16777216"
    "memorysetup-job-temp-allocator-block-size=2097152"
    "memorysetup-job-temp-allocator-block-size-background=1048576"
    "memorysetup-job-temp-allocator-reduction-small-platforms=262144"
    "memorysetup-temp-allocator-size-background-worker=32768"
    "memorysetup-temp-allocator-size-job-worker=262144"
    "memorysetup-temp-allocator-size-preload-manager=33554432"
    "memorysetup-temp-allocator-size-nav-mesh-worker=65536"
    "memorysetup-temp-allocator-size-audio-worker=65536"
    "memorysetup-temp-allocator-size-cloud-worker=32768"
    "memorysetup-temp-allocator-size-gi-baking-worker=262144"
    "memorysetup-temp-allocator-size-gfx=262144"
Refreshing native plugins compatible for Editor in 37.05 ms, found 4 plugins.
Preloading 0 native plugins for Editor in 0.00 ms.
Initialize engine version: 2021.2.3f1 (32358a8527b4)
[Subsystems] Discovering subsystems at path C:/Program Files/Unity 2021.2.3f1/Editor/Data/Resources/UnitySubsystems
[Subsystems] Discovering subsystems at path F:/Unity Projekty/Evil-Jump-android/Evil-Jump-android/Evil Jump/Assets
GfxDevice: creating device client; threaded=0; jobified=0
Direct3D:
    Version:  Direct3D 11.0 [level 11.1]
    Renderer: AMD Radeon RX 580 2048SP (ID=0x6fdf)
    Vendor:   ATI
    VRAM:     8170 MB
    Driver:   31.0.14001.45012
Initialize mono
Mono path[0] = 'C:/Program Files/Unity 2021.2.3f1/Editor/Data/Managed'
Mono path[1] = 'C:/Program Files/Unity 2021.2.3f1/Editor/Data/MonoBleedingEdge/lib/mono/unityjit-win32'
Mono config path = 'C:/Program Files/Unity 2021.2.3f1/Editor/Data/MonoBleedingEdge/etc'
Using monoOptions --debugger-agent=transport=dt_socket,embedding=1,server=y,suspend=n,address=127.0.0.1:56176
Begin MonoManager ReloadAssembly
Registering precompiled unity dll's ...
Register platform support module: C:/Program Files/Unity 2021.2.3f1/Editor/Data/PlaybackEngines/WindowsStandaloneSupport/UnityEditor.WindowsStandalone.Extensions.dll
Registered in 0.002517 seconds.
Native extension for WindowsStandalone target not found
Refreshing native plugins compatible for Editor in 26.96 ms, found 4 plugins.
Preloading 0 native plugins for Editor in 0.00 ms.
Mono: successfully reloaded assembly
- Completed reload, in  0.458 seconds
Domain Reload Profiling:
	ReloadAssembly (458ms)
		BeginReloadAssembly (54ms)
			ExecutionOrderSort (0ms)
			DisableScriptedObjects (0ms)
			BackupInstance (0ms)
			ReleaseScriptingObjects (0ms)
			CreateAndSetChildDomain (1ms)
		EndReloadAssembly (341ms)
			LoadAssemblies (52ms)
			RebuildTransferFunctionScriptingTraits (0ms)
			SetupTypeCache (84ms)
			ReleaseScriptCaches (0ms)
			RebuildScriptCaches (24ms)
			SetupLoadedEditorAssemblies (190ms)
				LogAssemblyErrors (0ms)
				InitializePlatformSupportModulesInManaged (12ms)
				SetLoadedEditorAssemblies (0ms)
				RefreshPlugins (27ms)
				BeforeProcessingInitializeOnLoad (1ms)
				ProcessInitializeOnLoadAttributes (114ms)
				ProcessInitializeOnLoadMethodAttributes (36ms)
				AfterProcessingInitializeOnLoad (0ms)
				EditorAssembliesLoaded (0ms)
			ExecutionOrderSort2 (0ms)
			AwakeInstancesAfterBackupRestoration (0ms)
Platform modules already initialized, skipping
Registering precompiled user dll's ...
Registered in 0.002383 seconds.
Begin MonoManager ReloadAssembly
Native extension for WindowsStandalone target not found
Refreshing native plugins compatible for Editor in 0.46 ms, found 4 plugins.
Preloading 0 native plugins for Editor in 0.00 ms.
Mono: successfully reloaded assembly
- Completed reload, in  0.777 seconds
Domain Reload Profiling:
	ReloadAssembly (778ms)
		BeginReloadAssembly (138ms)
			ExecutionOrderSort (0ms)
			DisableScriptedObjects (5ms)
			BackupInstance (0ms)
			ReleaseScriptingObjects (0ms)
			CreateAndSetChildDomain (18ms)
		EndReloadAssembly (563ms)
			LoadAssemblies (49ms)
			RebuildTransferFunctionScriptingTraits (0ms)
			SetupTypeCache (144ms)
			ReleaseScriptCaches (0ms)
			RebuildScriptCaches (42ms)
			SetupLoadedEditorAssemblies (245ms)
				LogAssemblyErrors (0ms)
				InitializePlatformSupportModulesInManaged (9ms)
				SetLoadedEditorAssemblies (0ms)
				RefreshPlugins (0ms)
				BeforeProcessingInitializeOnLoad (42ms)
				ProcessInitializeOnLoadAttributes (170ms)
				ProcessInitializeOnLoadMethodAttributes (19ms)
				AfterProcessingInitializeOnLoad (5ms)
				EditorAssembliesLoaded (0ms)
			ExecutionOrderSort2 (0ms)
			AwakeInstancesAfterBackupRestoration (4ms)
Platform modules already initialized, skipping
========================================================================
Worker process is ready to serve import requests
Launched and connected shader compiler UnityShaderCompiler.exe after 0.03 seconds
Refreshing native plugins compatible for Editor in 0.51 ms, found 4 plugins.
Preloading 0 native plugins for Editor in 0.00 ms.
Unloading 1784 Unused Serialized files (Serialized files now loaded: 0)
Unloading 23 unused Assets / (30.3 KB). Loaded Objects now: 2269.
Memory consumption went from 100.0 MB to 100.0 MB.
Total: 2.635000 ms (FindLiveObjects: 0.155300 ms CreateObjectMapping: 0.051300 ms MarkObjects: 2.402900 ms  DeleteObjects: 0.024400 ms)

AssetImportParameters requested are different than current active one (requested -> active):
  custom:video-decoder-ogg-theora: a1e56fd34408186e4bbccfd4996cb3dc -> 
  custom:container-muxer-webm: aa71ff27fc2769a1b78a27578f13a17b -> 
  custom:container-demuxer-webm: 4f35f7cbe854078d1ac9338744f61a02 -> 
  custom:video-encoder-webm-vp8: eb34c28f22e8b96e1ab97ce403110664 -> 
  custom:audio-encoder-webm-vorbis: bf7c407c2cedff20999df2af8eb42d56 -> 
  custom:framework-win-MediaFoundation: 216162199b28c13a410421893ffa2e32 -> 
  custom:container-demuxer-ogg: 62fdf1f143b41e24485cea50d1cbac27 -> 
  custom:video-decoder-webm-vp8: 9c59270c3fd7afecdb556c50c9e8de78 -> 
  custom:audio-decoder-ogg-vorbis: bf7c407c2cedff20999df2af8eb42d56 -> 
========================================================================
Received Prepare
Registering precompiled user dll's ...
Registered in 0.002265 seconds.
Begin MonoManager ReloadAssembly
Native extension for WindowsStandalone target not found
Refreshing native plugins compatible for Editor in 0.49 ms, found 4 plugins.
Preloading 0 native plugins for Editor in 0.00 ms.
Mono: successfully reloaded assembly
- Completed reload, in  0.850 seconds
Domain Reload Profiling:
	ReloadAssembly (850ms)
		BeginReloadAssembly (104ms)
			ExecutionOrderSort (0ms)
			DisableScriptedObjects (5ms)
			BackupInstance (0ms)
			ReleaseScriptingObjects (0ms)
			CreateAndSetChildDomain (30ms)
		EndReloadAssembly (671ms)
			LoadAssemblies (55ms)
			RebuildTransferFunctionScriptingTraits (0ms)
			SetupTypeCache (175ms)
			ReleaseScriptCaches (1ms)
			RebuildScriptCaches (47ms)
			SetupLoadedEditorAssemblies (286ms)
				LogAssemblyErrors (0ms)
				InitializePlatformSupportModulesInManaged (10ms)
				SetLoadedEditorAssemblies (0ms)
				RefreshPlugins (1ms)
				BeforeProcessingInitializeOnLoad (51ms)
				ProcessInitializeOnLoadAttributes (196ms)
				ProcessInitializeOnLoadMethodAttributes (22ms)
				AfterProcessingInitializeOnLoad (5ms)
				EditorAssembliesLoaded (0ms)
			ExecutionOrderSort2 (0ms)
			AwakeInstancesAfterBackupRestoration (6ms)
Platform modules already initialized, skipping
Switching build target platform(19) subTarget(0) extendedPlatform(0) -> platform(13) subTarget(4) extendedPlatform(0)
Refreshing native plugins compatible for Editor in 0.50 ms, found 4 plugins.
Preloading 0 native plugins for Editor in 0.00 ms.
Unloading 1764 Unused Serialized files (Serialized files now loaded: 0)
Unloading 19 unused Assets / (31.9 KB). Loaded Objects now: 2271.
Memory consumption went from 98.2 MB to 98.1 MB.
Total: 2.886800 ms (FindLiveObjects: 0.227800 ms CreateObjectMapping: 0.045600 ms MarkObjects: 2.588200 ms  DeleteObjects: 0.023800 ms)

AssetImportParameters requested are different than current active one (requested -> active):
  custom:video-decoder-ogg-theora: a1e56fd34408186e4bbccfd4996cb3dc -> 
  custom:container-muxer-webm: aa71ff27fc2769a1b78a27578f13a17b -> 
  custom:container-demuxer-webm: 4f35f7cbe854078d1ac9338744f61a02 -> 
  custom:video-encoder-webm-vp8: eb34c28f22e8b96e1ab97ce403110664 -> 
  custom:graphics/normal-map-encoding: 02000000000000000000000000000000 -> 01000000000000000000000000000000
  custom:audio-encoder-webm-vorbis: bf7c407c2cedff20999df2af8eb42d56 -> 
  custom:framework-win-MediaFoundation: 216162199b28c13a410421893ffa2e32 -> 
  custom:container-demuxer-ogg: 62fdf1f143b41e24485cea50d1cbac27 -> 
  custom:video-decoder-webm-vp8: 9c59270c3fd7afecdb556c50c9e8de78 -> 
  custom:audio-decoder-ogg-vorbis: bf7c407c2cedff20999df2af8eb42d56 -> 
========================================================================
Received Import Request.
  Time since last request: 1291781.535259 seconds.
  path: Assets/Scripts/PoolManager.cs
  artifactKey: Guid(a1da709f256c7ee4980c6216bc9105b6) Importer(815301076,1909f56bfc062723c751e8b465ee728b)
Start importing Assets/Scripts/PoolManager.cs using Guid(a1da709f256c7ee4980c6216bc9105b6) Importer(815301076,1909f56bfc062723c751e8b465ee728b)  -> (artifact id: '8aff0317aa52bae491bcaa8f0a0581f3') in 0.020772 seconds 
========================================================================
Received Import Request.
  Time since last request: 173.970806 seconds.
  path: Assets/Prefabs/Variety
  artifactKey: Guid(ebef74dea1166d443821c9460b1ad261) Importer(815301076,1909f56bfc062723c751e8b465ee728b)
Start importing Assets/Prefabs/Variety using Guid(ebef74dea1166d443821c9460b1ad261) Importer(815301076,1909f56bfc062723c751e8b465ee728b)  -> (artifact id: '1eaba19500f59b6be23e1db189228181') in 0.005586 seconds 
========================================================================
Received Import Request.
  Time since last request: 0.110453 seconds.
  path: Assets/Prefabs/Variety/AirJump Golds.prefab
  artifactKey: Guid(63f0fe3513eb93545896b1514fca806b) Importer(815301076,1909f56bfc062723c751e8b465ee728b)
Start importing Assets/Prefabs/Variety/AirJump Golds.prefab using Guid(63f0fe3513eb93545896b1514fca806b) Importer(815301076,1909f56bfc062723c751e8b465ee728b) Tried select unknown importer for id '-2' '00000000000000000000000000000000'
 -> (artifact id: '65c6e390595f9a2a0e2f6d99c5eb1d0b') in 0.135347 seconds 
========================================================================
Received Import Request.
  Time since last request: 0.000027 seconds.
  path: Assets/Prefabs/Variety/GameObject 1.prefab
  artifactKey: Guid(8fade237c5bbeb64fb9ef8fdd63c26da) Importer(815301076,1909f56bfc062723c751e8b465ee728b)
Start importing Assets/Prefabs/Variety/GameObject 1.prefab using Guid(8fade237c5bbeb64fb9ef8fdd63c26da) Importer(815301076,1909f56bfc062723c751e8b465ee728b)  -> (artifact id: '0e4d4cdc6965cde86ef44b97c3bcd958') in 0.032296 seconds 
========================================================================
Received Import Request.
  Time since last request: 11.883055 seconds.
  path: Assets/Prefabs/ParticleEffects
  artifactKey: Guid(d5bb2360549a1d34eae6de1858ca8641) Importer(815301076,1909f56bfc062723c751e8b465ee728b)
Start importing Assets/Prefabs/ParticleEffects using Guid(d5bb2360549a1d34eae6de1858ca8641) Importer(815301076,1909f56bfc062723c751e8b465ee728b)  -> (artifact id: 'c8cfb86aa2157bce7f99ca0b1694f478') in 0.004676 seconds 
========================================================================
Received Import Request.
  Time since last request: 0.050714 seconds.
  path: Assets/Prefabs/ParticleEffects/Red Particle Fall.prefab
  artifactKey: Guid(7d397b7b2656c214692808532d432c14) Importer(815301076,1909f56bfc062723c751e8b465ee728b)
Start importing Assets/Prefabs/ParticleEffects/Red Particle Fall.prefab using Guid(7d397b7b2656c214692808532d432c14) Importer(815301076,1909f56bfc062723c751e8b465ee728b)  -> (artifact id: '9798659bf88257b127e0e9d8778b5760') in 0.022994 seconds 
========================================================================
Received Import Request.
  Time since last request: 1.456210 seconds.
  path: Assets/Prefabs/Game/Object Spawner.prefab
  artifactKey: Guid(ccec21ead99e7f7439bdf7f9bdbbcbe3) Importer(815301076,1909f56bfc062723c751e8b465ee728b)
Start importing Assets/Prefabs/Game/Object Spawner.prefab using Guid(ccec21ead99e7f7439bdf7f9bdbbcbe3) Importer(815301076,1909f56bfc062723c751e8b465ee728b)  -> (artifact id: 'fe71384d42400f8121937faa29c88d8f') in 0.027452 seconds 
========================================================================
Received Import Request.
  Time since last request: 1.861358 seconds.
  path: Assets/Prefabs/Enemies/Enemy 03 with wall.prefab
  artifactKey: Guid(3c7d4a70f157f114598d8a9a512b4790) Importer(815301076,1909f56bfc062723c751e8b465ee728b)
Start importing Assets/Prefabs/Enemies/Enemy 03 with wall.prefab using Guid(3c7d4a70f157f114598d8a9a512b4790) Importer(815301076,1909f56bfc062723c751e8b465ee728b)  -> (artifact id: '98340855b6d262a553a50c69acb3daaa') in 0.045644 seconds 
========================================================================
Received Import Request.
  Time since last request: 0.000017 seconds.
  path: Assets/Prefabs/Enemies/Enemy03 Variant.prefab
  artifactKey: Guid(11cb2a23b3c12be44b73f72b9def30e5) Importer(815301076,1909f56bfc062723c751e8b465ee728b)
Start importing Assets/Prefabs/Enemies/Enemy03 Variant.prefab using Guid(11cb2a23b3c12be44b73f72b9def30e5) Importer(815301076,1909f56bfc062723c751e8b465ee728b)  -> (artifact id: '93b3c2e158f84cc026f554108bcce5ab') in 0.026886 seconds 
========================================================================
Received Import Request.
  Time since last request: 0.000019 seconds.
  path: Assets/Prefabs/Enemies/EnemyArea (2).prefab
  artifactKey: Guid(afc96d0497b516541ab456e9bd348673) Importer(815301076,1909f56bfc062723c751e8b465ee728b)
Start importing Assets/Prefabs/Enemies/EnemyArea (2).prefab using Guid(afc96d0497b516541ab456e9bd348673) Importer(815301076,1909f56bfc062723c751e8b465ee728b) Tried select unknown importer for id '-2' '00000000000000000000000000000000'
 -> (artifact id: '0492a1321084a2a588ad7ae9da0f362b') in 0.042329 seconds 
========================================================================
Received Import Request.
  Time since last request: 0.000019 seconds.
  path: Assets/Prefabs/Enemies/SEonP03.prefab
  artifactKey: Guid(b1d4143e231c07e44a738b07d427ce9a) Importer(815301076,1909f56bfc062723c751e8b465ee728b)
Start importing Assets/Prefabs/Enemies/SEonP03.prefab using Guid(b1d4143e231c07e44a738b07d427ce9a) Importer(815301076,1909f56bfc062723c751e8b465ee728b)  -> (artifact id: '77c01f48f339b4d725d860e49558de50') in 0.046484 seconds 
========================================================================
Received Import Request.
  Time since last request: 0.000020 seconds.
  path: Assets/Prefabs/Enemies/EonP03.prefab
  artifactKey: Guid(61370de0d51d80b41a5c9ee1fb5a8d15) Importer(815301076,1909f56bfc062723c751e8b465ee728b)
Start importing Assets/Prefabs/Enemies/EonP03.prefab using Guid(61370de0d51d80b41a5c9ee1fb5a8d15) Importer(815301076,1909f56bfc062723c751e8b465ee728b)  -> (artifact id: '9e26d474e358cd6f6247b306ed7c531e') in 0.037193 seconds 
========================================================================
Received Import Request.
  Time since last request: 0.000022 seconds.
  path: Assets/Prefabs/Enemies/EnemyArea.prefab
  artifactKey: Guid(ecf540a26cc5ea94ca467e72ea530934) Importer(815301076,1909f56bfc062723c751e8b465ee728b)
Start importing Assets/Prefabs/Enemies/EnemyArea.prefab using Guid(ecf540a26cc5ea94ca467e72ea530934) Importer(815301076,1909f56bfc062723c751e8b465ee728b) Tried select unknown importer for id '-2' '00000000000000000000000000000000'
 -> (artifact id: '389ed313575ac6fbc4e4a6df16120c28') in 0.037116 seconds 
========================================================================
Received Import Request.
  Time since last request: 99.494625 seconds.
  path: Assets/Scripts/GameOversScene/AddShopItem.cs
  artifactKey: Guid(d0d3c25444fd97443bba77e5c248ce85) Importer(815301076,1909f56bfc062723c751e8b465ee728b)
Start importing Assets/Scripts/GameOversScene/AddShopItem.cs using Guid(d0d3c25444fd97443bba77e5c248ce85) Importer(815301076,1909f56bfc062723c751e8b465ee728b)  -> (artifact id: '0f3c95810fd1126b6634d708063fedc0') in 0.005774 seconds 
========================================================================
Received Import Request.
  Time since last request: 9.506393 seconds.
  path: Assets/Scripts/GameOversScene/Buy.cs
  artifactKey: Guid(7520bba7937728f468a819284543c052) Importer(815301076,1909f56bfc062723c751e8b465ee728b)
Start importing Assets/Scripts/GameOversScene/Buy.cs using Guid(7520bba7937728f468a819284543c052) Importer(815301076,1909f56bfc062723c751e8b465ee728b)  -> (artifact id: 'd28ba9e7dac989844b05efc60bc69c74') in 0.004538 seconds 
========================================================================
Received Import Request.
  Time since last request: 4.099132 seconds.
  path: Assets/Scripts/GameOversScene/PanelFlipper.cs
  artifactKey: Guid(d933839f89abd2f459b698a421b7bbb3) Importer(815301076,1909f56bfc062723c751e8b465ee728b)
Start importing Assets/Scripts/GameOversScene/PanelFlipper.cs using Guid(d933839f89abd2f459b698a421b7bbb3) Importer(815301076,1909f56bfc062723c751e8b465ee728b)  -> (artifact id: '87c9aec4df5d276b7090e1bbc29016ef') in 0.004563 seconds 
========================================================================
Received Import Request.
  Time since last request: 0.437278 seconds.
  path: Assets/Scripts/GameOversScene/RemoveShopItem.cs
  artifactKey: Guid(26b100f4174407e4db54e3f6a230619d) Importer(815301076,1909f56bfc062723c751e8b465ee728b)
Start importing Assets/Scripts/GameOversScene/RemoveShopItem.cs using Guid(26b100f4174407e4db54e3f6a230619d) Importer(815301076,1909f56bfc062723c751e8b465ee728b)  -> (artifact id: 'd286716a0e596d8ec6e1e7872188d54b') in 0.004499 seconds 
========================================================================
Received Import Request.
  Time since last request: 0.494481 seconds.
  path: Assets/Scripts/GameOversScene/ShopManager.cs
  artifactKey: Guid(acb45e9ba61900249b187247456aafdf) Importer(815301076,1909f56bfc062723c751e8b465ee728b)
Start importing Assets/Scripts/GameOversScene/ShopManager.cs using Guid(acb45e9ba61900249b187247456aafdf) Importer(815301076,1909f56bfc062723c751e8b465ee728b)  -> (artifact id: 'b27e59533b9978308c9f8990bb620de3') in 0.004493 seconds 
========================================================================
Received Import Request.
  Time since last request: 42.796192 seconds.
  path: Assets/Scripts/PowerUp.cs
  artifactKey: Guid(a78369ffd81ce0a44835aa7bd9e7595e) Importer(815301076,1909f56bfc062723c751e8b465ee728b)
Start importing Assets/Scripts/PowerUp.cs using Guid(a78369ffd81ce0a44835aa7bd9e7595e) Importer(815301076,1909f56bfc062723c751e8b465ee728b)  -> (artifact id: '484960ff2e39f314cb7e764e4c89bbc8') in 0.004631 seconds 
========================================================================
Received Prepare
Registering precompiled user dll's ...
Registered in 0.002126 seconds.
Begin MonoManager ReloadAssembly
Native extension for WindowsStandalone target not found
Refreshing native plugins compatible for Editor in 0.84 ms, found 4 plugins.
Preloading 0 native plugins for Editor in 0.00 ms.
Mono: successfully reloaded assembly
- Completed reload, in  0.813 seconds
Domain Reload Profiling:
	ReloadAssembly (813ms)
		BeginReloadAssembly (107ms)
			ExecutionOrderSort (0ms)
			DisableScriptedObjects (5ms)
			BackupInstance (0ms)
			ReleaseScriptingObjects (0ms)
			CreateAndSetChildDomain (30ms)
		EndReloadAssembly (623ms)
			LoadAssemblies (55ms)
			RebuildTransferFunctionScriptingTraits (0ms)
			SetupTypeCache (148ms)
			ReleaseScriptCaches (1ms)
			RebuildScriptCaches (44ms)
			SetupLoadedEditorAssemblies (271ms)
				LogAssemblyErrors (0ms)
				InitializePlatformSupportModulesInManaged (10ms)
				SetLoadedEditorAssemblies (1ms)
				RefreshPlugins (1ms)
				BeforeProcessingInitializeOnLoad (51ms)
				ProcessInitializeOnLoadAttributes (184ms)
				ProcessInitializeOnLoadMethodAttributes (20ms)
				AfterProcessingInitializeOnLoad (5ms)
				EditorAssembliesLoaded (0ms)
			ExecutionOrderSort2 (0ms)
			AwakeInstancesAfterBackupRestoration (6ms)
Platform modules already initialized, skipping
Switching build target platform(19) subTarget(0) extendedPlatform(0) -> platform(13) subTarget(4) extendedPlatform(0)
Refreshing native plugins compatible for Editor in 0.51 ms, found 4 plugins.
Preloading 0 native plugins for Editor in 0.00 ms.
Unloading 1764 Unused Serialized files (Serialized files now loaded: 0)
Unloading 19 unused Assets / (32.0 KB). Loaded Objects now: 2283.
Memory consumption went from 102.6 MB to 102.6 MB.
Total: 2.602900 ms (FindLiveObjects: 0.185800 ms CreateObjectMapping: 0.044200 ms MarkObjects: 2.356400 ms  DeleteObjects: 0.015700 ms)

AssetImportParameters requested are different than current active one (requested -> active):
  custom:video-decoder-ogg-theora: a1e56fd34408186e4bbccfd4996cb3dc -> 
  custom:container-muxer-webm: aa71ff27fc2769a1b78a27578f13a17b -> 
  custom:container-demuxer-webm: 4f35f7cbe854078d1ac9338744f61a02 -> 
  custom:video-encoder-webm-vp8: eb34c28f22e8b96e1ab97ce403110664 -> 
  custom:graphics/normal-map-encoding: 02000000000000000000000000000000 -> 01000000000000000000000000000000
  custom:audio-encoder-webm-vorbis: bf7c407c2cedff20999df2af8eb42d56 -> 
  custom:framework-win-MediaFoundation: 216162199b28c13a410421893ffa2e32 -> 
  custom:container-demuxer-ogg: 62fdf1f143b41e24485cea50d1cbac27 -> 
  custom:video-decoder-webm-vp8: 9c59270c3fd7afecdb556c50c9e8de78 -> 
  custom:audio-decoder-ogg-vorbis: bf7c407c2cedff20999df2af8eb42d56 -> 
========================================================================
Received Prepare
Registering precompiled user dll's ...
Registered in 0.002127 seconds.
Begin MonoManager ReloadAssembly
Native extension for WindowsStandalone target not found
Refreshing native plugins compatible for Editor in 0.41 ms, found 4 plugins.
Preloading 0 native plugins for Editor in 0.00 ms.
Mono: successfully reloaded assembly
- Completed reload, in  0.789 seconds
Domain Reload Profiling:
	ReloadAssembly (789ms)
		BeginReloadAssembly (108ms)
			ExecutionOrderSort (0ms)
			DisableScriptedObjects (5ms)
			BackupInstance (0ms)
			ReleaseScriptingObjects (0ms)
			CreateAndSetChildDomain (31ms)
		EndReloadAssembly (602ms)
			LoadAssemblies (57ms)
			RebuildTransferFunctionScriptingTraits (0ms)
			SetupTypeCache (144ms)
			ReleaseScriptCaches (1ms)
			RebuildScriptCaches (44ms)
			SetupLoadedEditorAssemblies (250ms)
				LogAssemblyErrors (0ms)
				InitializePlatformSupportModulesInManaged (8ms)
				SetLoadedEditorAssemblies (0ms)
				RefreshPlugins (0ms)
				BeforeProcessingInitializeOnLoad (43ms)
				ProcessInitializeOnLoadAttributes (174ms)
				ProcessInitializeOnLoadMethodAttributes (20ms)
				AfterProcessingInitializeOnLoad (5ms)
				EditorAssembliesLoaded (0ms)
			ExecutionOrderSort2 (0ms)
			AwakeInstancesAfterBackupRestoration (5ms)
Platform modules already initialized, skipping
Switching build target platform(19) subTarget(0) extendedPlatform(0) -> platform(13) subTarget(4) extendedPlatform(0)
Refreshing native plugins compatible for Editor in 0.55 ms, found 4 plugins.
Preloading 0 native plugins for Editor in 0.00 ms.
Unloading 1764 Unused Serialized files (Serialized files now loaded: 0)
Unloading 19 unused Assets / (32.0 KB). Loaded Objects now: 2285.
Memory consumption went from 102.6 MB to 102.6 MB.
Total: 2.722300 ms (FindLiveObjects: 0.223900 ms CreateObjectMapping: 0.044100 ms MarkObjects: 2.433700 ms  DeleteObjects: 0.019300 ms)

AssetImportParameters requested are different than current active one (requested -> active):
  custom:video-decoder-ogg-theora: a1e56fd34408186e4bbccfd4996cb3dc -> 
  custom:container-muxer-webm: aa71ff27fc2769a1b78a27578f13a17b -> 
  custom:container-demuxer-webm: 4f35f7cbe854078d1ac9338744f61a02 -> 
  custom:video-encoder-webm-vp8: eb34c28f22e8b96e1ab97ce403110664 -> 
  custom:graphics/normal-map-encoding: 02000000000000000000000000000000 -> 01000000000000000000000000000000
  custom:audio-encoder-webm-vorbis: bf7c407c2cedff20999df2af8eb42d56 -> 
  custom:framework-win-MediaFoundation: 216162199b28c13a410421893ffa2e32 -> 
  custom:container-demuxer-ogg: 62fdf1f143b41e24485cea50d1cbac27 -> 
  custom:video-decoder-webm-vp8: 9c59270c3fd7afecdb556c50c9e8de78 -> 
  custom:audio-decoder-ogg-vorbis: bf7c407c2cedff20999df2af8eb42d56 -> 
========================================================================
Received Import Request.
  Time since last request: 316.610389 seconds.
  path: Assets/Scenes/GameScene.unity
  artifactKey: Guid(2cda990e2423bbf4892e6590ba056729) Importer(815301076,1909f56bfc062723c751e8b465ee728b)
Start importing Assets/Scenes/GameScene.unity using Guid(2cda990e2423bbf4892e6590ba056729) Importer(815301076,1909f56bfc062723c751e8b465ee728b)  -> (artifact id: '2c152322d7e51a3550a468611bf2d9e9') in 0.012180 seconds 
========================================================================
Received Prepare
Registering precompiled user dll's ...
Registered in 0.002178 seconds.
Begin MonoManager ReloadAssembly
Native extension for WindowsStandalone target not found
Refreshing native plugins compatible for Editor in 0.50 ms, found 4 plugins.
Preloading 0 native plugins for Editor in 0.00 ms.
Mono: successfully reloaded assembly
- Completed reload, in  0.802 seconds
Domain Reload Profiling:
	ReloadAssembly (802ms)
		BeginReloadAssembly (102ms)
			ExecutionOrderSort (0ms)
			DisableScriptedObjects (5ms)
			BackupInstance (0ms)
			ReleaseScriptingObjects (0ms)
			CreateAndSetChildDomain (27ms)
		EndReloadAssembly (626ms)
			LoadAssemblies (52ms)
			RebuildTransferFunctionScriptingTraits (0ms)
			SetupTypeCache (144ms)
			ReleaseScriptCaches (1ms)
			RebuildScriptCaches (48ms)
			SetupLoadedEditorAssemblies (268ms)
				LogAssemblyErrors (0ms)
				InitializePlatformSupportModulesInManaged (9ms)
				SetLoadedEditorAssemblies (0ms)
				RefreshPlugins (1ms)
				BeforeProcessingInitializeOnLoad (45ms)
				ProcessInitializeOnLoadAttributes (185ms)
				ProcessInitializeOnLoadMethodAttributes (22ms)
				AfterProcessingInitializeOnLoad (5ms)
				EditorAssembliesLoaded (0ms)
			ExecutionOrderSort2 (0ms)
			AwakeInstancesAfterBackupRestoration (6ms)
Platform modules already initialized, skipping
Switching build target platform(19) subTarget(0) extendedPlatform(0) -> platform(13) subTarget(4) extendedPlatform(0)
Refreshing native plugins compatible for Editor in 0.48 ms, found 4 plugins.
Preloading 0 native plugins for Editor in 0.00 ms.
Unloading 1764 Unused Serialized files (Serialized files now loaded: 0)
Unloading 19 unused Assets / (31.9 KB). Loaded Objects now: 2287.
Memory consumption went from 102.6 MB to 102.6 MB.
Total: 3.221600 ms (FindLiveObjects: 0.232900 ms CreateObjectMapping: 0.040900 ms MarkObjects: 2.924500 ms  DeleteObjects: 0.021700 ms)

AssetImportParameters requested are different than current active one (requested -> active):
  custom:video-decoder-ogg-theora: a1e56fd34408186e4bbccfd4996cb3dc -> 
  custom:container-muxer-webm: aa71ff27fc2769a1b78a27578f13a17b -> 
  custom:container-demuxer-webm: 4f35f7cbe854078d1ac9338744f61a02 -> 
  custom:video-encoder-webm-vp8: eb34c28f22e8b96e1ab97ce403110664 -> 
  custom:graphics/normal-map-encoding: 02000000000000000000000000000000 -> 01000000000000000000000000000000
  custom:audio-encoder-webm-vorbis: bf7c407c2cedff20999df2af8eb42d56 -> 
  custom:framework-win-MediaFoundation: 216162199b28c13a410421893ffa2e32 -> 
  custom:container-demuxer-ogg: 62fdf1f143b41e24485cea50d1cbac27 -> 
  custom:video-decoder-webm-vp8: 9c59270c3fd7afecdb556c50c9e8de78 -> 
  custom:audio-decoder-ogg-vorbis: bf7c407c2cedff20999df2af8eb42d56 -> 
========================================================================
Received Prepare
Registering precompiled user dll's ...
Registered in 0.002691 seconds.
Begin MonoManager ReloadAssembly
Native extension for WindowsStandalone target not found
Refreshing native plugins compatible for Editor in 0.50 ms, found 4 plugins.
Preloading 0 native plugins for Editor in 0.00 ms.
Mono: successfully reloaded assembly
- Completed reload, in  0.811 seconds
Domain Reload Profiling:
	ReloadAssembly (811ms)
		BeginReloadAssembly (95ms)
			ExecutionOrderSort (0ms)
			DisableScriptedObjects (5ms)
			BackupInstance (0ms)
			ReleaseScriptingObjects (0ms)
			CreateAndSetChildDomain (27ms)
		EndReloadAssembly (640ms)
			LoadAssemblies (53ms)
			RebuildTransferFunctionScriptingTraits (0ms)
			SetupTypeCache (164ms)
			ReleaseScriptCaches (2ms)
			RebuildScriptCaches (61ms)
			SetupLoadedEditorAssemblies (246ms)
				LogAssemblyErrors (0ms)
				InitializePlatformSupportModulesInManaged (9ms)
				SetLoadedEditorAssemblies (0ms)
				RefreshPlugins (1ms)
				BeforeProcessingInitializeOnLoad (52ms)
				ProcessInitializeOnLoadAttributes (161ms)
				ProcessInitializeOnLoadMethodAttributes (19ms)
				AfterProcessingInitializeOnLoad (4ms)
				EditorAssembliesLoaded (0ms)
			ExecutionOrderSort2 (0ms)
			AwakeInstancesAfterBackupRestoration (4ms)
Platform modules already initialized, skipping
Switching build target platform(19) subTarget(0) extendedPlatform(0) -> platform(13) subTarget(4) extendedPlatform(0)
Refreshing native plugins compatible for Editor in 0.46 ms, found 4 plugins.
Preloading 0 native plugins for Editor in 0.00 ms.
Unloading 1764 Unused Serialized files (Serialized files now loaded: 0)
Unloading 19 unused Assets / (31.9 KB). Loaded Objects now: 2289.
Memory consumption went from 102.6 MB to 102.6 MB.
Total: 2.502200 ms (FindLiveObjects: 0.213100 ms CreateObjectMapping: 0.044200 ms MarkObjects: 2.223800 ms  DeleteObjects: 0.019400 ms)

AssetImportParameters requested are different than current active one (requested -> active):
  custom:video-decoder-ogg-theora: a1e56fd34408186e4bbccfd4996cb3dc -> 
  custom:container-muxer-webm: aa71ff27fc2769a1b78a27578f13a17b -> 
  custom:container-demuxer-webm: 4f35f7cbe854078d1ac9338744f61a02 -> 
  custom:video-encoder-webm-vp8: eb34c28f22e8b96e1ab97ce403110664 -> 
  custom:graphics/normal-map-encoding: 02000000000000000000000000000000 -> 01000000000000000000000000000000
  custom:audio-encoder-webm-vorbis: bf7c407c2cedff20999df2af8eb42d56 -> 
  custom:framework-win-MediaFoundation: 216162199b28c13a410421893ffa2e32 -> 
  custom:container-demuxer-ogg: 62fdf1f143b41e24485cea50d1cbac27 -> 
  custom:video-decoder-webm-vp8: 9c59270c3fd7afecdb556c50c9e8de78 -> 
  custom:audio-decoder-ogg-vorbis: bf7c407c2cedff20999df2af8eb42d56 -> 
